# : 0
ID : 1
< : 0
ID : 2
> : 0
struct : 0
ID : 3
{ : 0
char : 0
ID : 4
[ : 0
CONST : 5
] : 0
; : 0
int : 0
ID : 6
; : 0
} : 0
; : 0
int : 0
main : 0
( : 0
) : 0
{ : 0
ID : 3
ID : 7
; : 0
cin : 0
>> : 0
ID : 7
. : 0
ID : 4
; : 0
cin : 0
>> : 0
ID : 7
. : 0
ID : 6
; : 0
if : 0
( : 0
ID : 7
. : 0
ID : 6
>= : 0
CONST : 8
) : 0
{ : 0
cout : 0
<< : 0
CONST : 9
; : 0
} : 0
else : 0
{ : 0
cout : 0
<< : 0
CONST : 10
; : 0
} : 0
return : 0
CONST : 11
; : 0
} : 0
